<?xml version="1.0" encoding="UTF-8"?>
<robot generator="Robot 5.0.1 (Python 3.10.5 on win32)" generated="20220915 12:13:58.446" rpa="false" schemaversion="3">
<suite id="s1" name="TC 3" source="C:\Users\Administrator\Desktop\flipkart selenium\Testcases\TC_3.robot">
<test id="s1-t1" name="User should be able to search a product" line="8">
<kw name="Given Open flipkart Website" library="Instructions">
<kw name="Open Browser" library="SeleniumLibrary">
<arg>${URL}</arg>
<arg>${Browser}</arg>
<doc>Opens a new browser instance to the optional ``url``.</doc>
<msg timestamp="20220915 12:13:58.809" level="INFO">Opening browser 'chrome' to base url 'https://www.flipkart.com/'.</msg>
<status status="PASS" starttime="20220915 12:13:58.808" endtime="20220915 12:14:14.470"/>
</kw>
<kw name="Sleep" library="BuiltIn">
<arg>3s</arg>
<doc>Pauses the test executed for the given time.</doc>
<msg timestamp="20220915 12:14:17.482" level="INFO">Slept 3 seconds</msg>
<status status="PASS" starttime="20220915 12:14:14.471" endtime="20220915 12:14:17.482"/>
</kw>
<kw name="Maximize Browser Window" library="SeleniumLibrary">
<doc>Maximizes current browser window.</doc>
<status status="PASS" starttime="20220915 12:14:17.482" endtime="20220915 12:14:17.856"/>
</kw>
<kw name="Click Button" library="SeleniumLibrary">
<arg>${cross}</arg>
<doc>Clicks the button identified by ``locator``.</doc>
<msg timestamp="20220915 12:14:17.858" level="INFO">Clicking button 'xpath://*[@class="_2KpZ6l _2doB4z"]'.</msg>
<status status="PASS" starttime="20220915 12:14:17.857" endtime="20220915 12:14:18.227"/>
</kw>
<kw name="Sleep" library="BuiltIn">
<arg>3s</arg>
<doc>Pauses the test executed for the given time.</doc>
<msg timestamp="20220915 12:14:21.229" level="INFO">Slept 3 seconds</msg>
<status status="PASS" starttime="20220915 12:14:18.227" endtime="20220915 12:14:21.229"/>
</kw>
<status status="PASS" starttime="20220915 12:13:58.808" endtime="20220915 12:14:21.230"/>
</kw>
<kw name="AND User Searchs For A Product" library="Instructions">
<kw name="Input Text" library="SeleniumLibrary">
<arg>${searchbar}</arg>
<arg>${product}</arg>
<doc>Types the given ``text`` into the text field identified by ``locator``.</doc>
<msg timestamp="20220915 12:14:21.232" level="INFO">Typing text 'Iphone 12 mini' into text field 'xpath://*[@class="_3704LK"]'.</msg>
<status status="PASS" starttime="20220915 12:14:21.232" endtime="20220915 12:14:21.452"/>
</kw>
<kw name="Sleep" library="BuiltIn">
<arg>3s</arg>
<doc>Pauses the test executed for the given time.</doc>
<msg timestamp="20220915 12:14:24.457" level="INFO">Slept 3 seconds</msg>
<status status="PASS" starttime="20220915 12:14:21.453" endtime="20220915 12:14:24.457"/>
</kw>
<kw name="Click Element" library="SeleniumLibrary">
<arg>${Entersearch}</arg>
<doc>Click the element identified by ``locator``.</doc>
<msg timestamp="20220915 12:14:24.460" level="INFO">Clicking element 'xpath://*[@class="L0Z3Pu"]'.</msg>
<status status="PASS" starttime="20220915 12:14:24.458" endtime="20220915 12:14:24.804"/>
</kw>
<kw name="Sleep" library="BuiltIn">
<arg>3s</arg>
<doc>Pauses the test executed for the given time.</doc>
<msg timestamp="20220915 12:14:27.810" level="INFO">Slept 3 seconds</msg>
<status status="PASS" starttime="20220915 12:14:24.805" endtime="20220915 12:14:27.811"/>
</kw>
<status status="PASS" starttime="20220915 12:14:21.231" endtime="20220915 12:14:27.812"/>
</kw>
<kw name="AND User Should Scroll to 6th Element" library="Instructions">
<kw name="Scroll Element Into View" library="SeleniumLibrary">
<arg>${Device}</arg>
<doc>Scrolls the element identified by ``locator`` into view.</doc>
<status status="PASS" starttime="20220915 12:14:27.815" endtime="20220915 12:14:28.248"/>
</kw>
<status status="PASS" starttime="20220915 12:14:27.815" endtime="20220915 12:14:28.249"/>
</kw>
<kw name="Then User Clicks That Element" library="Instructions">
<kw name="Click Element" library="SeleniumLibrary">
<arg>${Device}</arg>
<doc>Click the element identified by ``locator``.</doc>
<msg timestamp="20220915 12:14:28.268" level="INFO">Clicking element 'xpath://div[normalize-space()='APPLE iPhone 12 Mini (White, 128 GB)']'.</msg>
<status status="PASS" starttime="20220915 12:14:28.267" endtime="20220915 12:14:28.410"/>
</kw>
<kw name="Sleep" library="BuiltIn">
<arg>3s</arg>
<doc>Pauses the test executed for the given time.</doc>
<msg timestamp="20220915 12:14:31.419" level="INFO">Slept 3 seconds</msg>
<status status="PASS" starttime="20220915 12:14:28.410" endtime="20220915 12:14:31.419"/>
</kw>
<status status="PASS" starttime="20220915 12:14:28.261" endtime="20220915 12:14:31.420"/>
</kw>
<kw name="Then User Add's To Cart" library="Instructions">
<kw name="Switch Window" library="SeleniumLibrary">
<arg>New</arg>
<doc>Switches to browser window matching ``locator``.</doc>
<status status="PASS" starttime="20220915 12:14:31.422" endtime="20220915 12:14:31.443"/>
</kw>
<kw name="Click Element" library="SeleniumLibrary">
<arg>${addtocart}</arg>
<doc>Click the element identified by ``locator``.</doc>
<msg timestamp="20220915 12:14:31.444" level="INFO">Clicking element 'xpath://*[@class='_2KpZ6l _2U9uOA _3v1-ww']'.</msg>
<status status="PASS" starttime="20220915 12:14:31.443" endtime="20220915 12:14:35.736"/>
</kw>
<status status="PASS" starttime="20220915 12:14:31.421" endtime="20220915 12:14:35.736"/>
</kw>
<kw name="Then User Verify The Item" library="Instructions">
<kw name="Page Should Contain" library="SeleniumLibrary">
<arg>${Desired Device}</arg>
<doc>Verifies that current page contains ``text``.</doc>
<msg timestamp="20220915 12:14:35.810" level="INFO">Current page contains text 'APPLE iPhone 12 Mini (White, 128 GB)'.</msg>
<status status="PASS" starttime="20220915 12:14:35.737" endtime="20220915 12:14:35.810"/>
</kw>
<kw name="Close Browser" library="SeleniumLibrary">
<doc>Closes the current browser.</doc>
<status status="PASS" starttime="20220915 12:14:35.810" endtime="20220915 12:14:38.346"/>
</kw>
<status status="PASS" starttime="20220915 12:14:35.737" endtime="20220915 12:14:38.347"/>
</kw>
<status status="PASS" starttime="20220915 12:13:58.807" endtime="20220915 12:14:38.349"/>
</test>
<status status="PASS" starttime="20220915 12:13:58.448" endtime="20220915 12:14:38.353"/>
</suite>
<statistics>
<total>
<stat pass="1" fail="0" skip="0">All Tests</stat>
</total>
<tag>
</tag>
<suite>
<stat pass="1" fail="0" skip="0" id="s1" name="TC 3">TC 3</stat>
</suite>
</statistics>
<errors>
</errors>
</robot>
